<?xml version="1.0" encoding="UTF-8"?>
<testsuite xmlns:xsi="http://www.w3.org/2001/XMLSchema-instance" xsi:noNamespaceSchemaLocation="https://maven.apache.org/surefire/maven-surefire-plugin/xsd/surefire-test-report.xsd" version="3.0.2" name="com.food.ordering.system.order.service.domain.OrderAplicationServiceTest" time="3.04" tests="1" errors="0" skipped="0" failures="0">
  <properties>
[...]
</properties>
  <testcase name="test1" classname="com.food.ordering.system.order.service.domain.OrderAplicationServiceTest" time="1.656">
    <system-out><![CDATA[
  .   ____          _            __ _ _
 /\\ / ___'_ __ _ _(_)_ __  __ _ \ \ \ \
( ( )\___ | '_ | '_| | '_ \/ _` | \ \ \ \
 \\/  ___)| |_)| | | | | || (_| |  ) ) ) )
  '  |____| .__|_| |_|_| |_\__, | / / / /
 =========|_|==============|___/=/_/_/_/

 :: Spring Boot ::                (v3.4.2)

2025-02-19T23:57:27.823-05:00  INFO 15949 --- [           main] c.f.o.s.o.s.d.OrderAplicationServiceTest : Starting OrderAplicationServiceTest using Java 21.0.6 with PID 15949 (started by jianhe in /Users/jianhe/Desktop/food-ordering-system/order-service/order-domain/order-application-service)
2025-02-19T23:57:27.829-05:00  INFO 15949 --- [           main] c.f.o.s.o.s.d.OrderAplicationServiceTest : No active profile set, falling back to 1 default profile: "default"
2025-02-19T23:57:28.009-05:00  INFO 15949 --- [           main] c.f.o.s.o.s.d.OrderAplicationServiceTest : Started OrderAplicationServiceTest in 0.773 seconds (process running for 2.421)
]]></system-out>
    <system-err><![CDATA[Mockito is currently self-attaching to enable the inline-mock-maker. This will no longer work in future releases of the JDK. Please add Mockito as an agent to your build what is described in Mockito's documentation: https://javadoc.io/doc/org.mockito/mockito-core/latest/org/mockito/Mockito.html#0.3
WARNING: A Java agent has been loaded dynamically (/Users/jianhe/.m2/repository/net/bytebuddy/byte-buddy-agent/1.15.11/byte-buddy-agent-1.15.11.jar)
WARNING: If a serviceability tool is in use, please run with -XX:+EnableDynamicAgentLoading to hide this warning
WARNING: If a serviceability tool is not in use, please run with -Djdk.instrument.traceUsage for more information
WARNING: Dynamic loading of agents will be disallowed by default in a future release
]]></system-err>
  </testcase>
</testsuite>